<?xml version="1.0" encoding="UTF-8"?>
<testsuite xmlns:xsi="http://www.w3.org/2001/XMLSchema-instance" xsi:noNamespaceSchemaLocation="https://maven.apache.org/surefire/maven-surefire-plugin/xsd/surefire-test-report-3.0.xsd" version="3.0" name="com.logaggregator.Phase1Test" time="0.067" tests="3" errors="0" skipped="0" failures="0">
  <properties>
[...]
</properties>
  <testcase name="testLogLevels" classname="com.logaggregator.Phase1Test" time="0.017"/>
  <testcase name="testLogEntryCreation" classname="com.logaggregator.Phase1Test" time="0.032"/>
  <testcase name="testConfigLoading" classname="com.logaggregator.Phase1Test" time="0.002"/>
</testsuite>